-------------------------------------------------------------------------------
Test set: com.athensease.sights.TripTest
-------------------------------------------------------------------------------
Tests run: 9, Failures: 0, Errors: 4, Skipped: 0, Time elapsed: 1.092 s <<< FAILURE! - in com.athensease.sights.TripTest
com.athensease.sights.TripTest.testCallApiHandlerFailure  Time elapsed: 0.287 s  <<< ERROR!
java.lang.RuntimeException: Failed to extract distance from response
	at com.athensease.dataretrieval.ApiHandler.extractField(ApiHandler.java:104)
	at com.athensease.sights.Trip.callApiHandler(Trip.java:76)
	at com.athensease.sights.TripTest.testCallApiHandlerFailure(TripTest.java:86)
	at java.base/java.lang.reflect.Method.invoke(Method.java:580)
	at java.base/java.util.ArrayList.forEach(ArrayList.java:1596)
	at java.base/java.util.ArrayList.forEach(ArrayList.java:1596)
Caused by: java.lang.IllegalArgumentException: API response status: NOT_FOUND
	at com.athensease.dataretrieval.ApiHandler.extractField(ApiHandler.java:93)
	... 5 more

com.athensease.sights.TripTest.testPrepTrip  Time elapsed: 0.234 s  <<< ERROR!
java.lang.RuntimeException: Failed to extract distance from response
	at com.athensease.dataretrieval.ApiHandler.extractField(ApiHandler.java:104)
	at com.athensease.sights.Trip.callApiHandler(Trip.java:76)
	at com.athensease.sights.TripTest.testPrepTrip(TripTest.java:46)
	at java.base/java.lang.reflect.Method.invoke(Method.java:580)
	at java.base/java.util.ArrayList.forEach(ArrayList.java:1596)
	at java.base/java.util.ArrayList.forEach(ArrayList.java:1596)
Caused by: org.json.JSONException: JSONArray[0] not found.
	at org.json.JSONArray.get(JSONArray.java:264)
	at org.json.JSONArray.getJSONObject(JSONArray.java:477)
	at com.athensease.dataretrieval.ApiHandler.extractField(ApiHandler.java:89)
	... 5 more

com.athensease.sights.TripTest.testSetterAndGetter  Time elapsed: 0.007 s  <<< ERROR!
org.mockito.exceptions.misusing.InvalidUseOfMatchersException: 

Misplaced or misused argument matcher detected here:

-> at com.athensease.sights.TripTest.testPrepTrip(TripTest.java:46)
-> at com.athensease.sights.TripTest.testPrepTrip(TripTest.java:46)

You cannot use argument matchers outside of verification or stubbing.
Examples of correct usage of argument matchers:
    when(mock.get(anyInt())).thenReturn(null);
    doThrow(new RuntimeException()).when(mock).someVoidMethod(any());
    verify(mock).someMethod(contains("foo"))

This message may appear after an NullPointerException if the last matcher is returning an object 
like any() but the stubbed method signature expect a primitive argument, in this case,
use primitive alternatives.
    when(mock.get(any())); // bad use, will raise NPE
    when(mock.get(anyInt())); // correct usage use

Also, this error might show up because you use argument matchers with methods that cannot be mocked.
Following methods *cannot* be stubbed/verified: final/private/equals()/hashCode().
Mocking methods declared on non-public parent classes is not supported.

	at com.athensease.sights.TripTest.setUp(TripTest.java:24)
	at java.base/java.lang.reflect.Method.invoke(Method.java:580)
	at java.base/java.util.ArrayList.forEach(ArrayList.java:1596)
	at java.base/java.util.ArrayList.forEach(ArrayList.java:1596)

com.athensease.sights.TripTest.testTripCalculations  Time elapsed: 0.002 s  <<< ERROR!
java.lang.NullPointerException
	at java.base/java.util.Comparator.lambda$comparingInt$7b0bb60$1(Comparator.java:494)
	at java.base/java.util.TimSort.countRunAndMakeAscending(TimSort.java:355)
	at java.base/java.util.TimSort.sort(TimSort.java:220)
	at java.base/java.util.Arrays.sort(Arrays.java:1308)
	at java.base/java.util.stream.SortedOps$SizedRefSortingSink.end(SortedOps.java:353)
	at java.base/java.util.stream.AbstractPipeline.copyInto(AbstractPipeline.java:510)
	at java.base/java.util.stream.AbstractPipeline.wrapAndCopyInto(AbstractPipeline.java:499)
	at java.base/java.util.stream.ReduceOps$ReduceOp.evaluateSequential(ReduceOps.java:921)
	at java.base/java.util.stream.AbstractPipeline.evaluate(AbstractPipeline.java:234)
	at java.base/java.util.stream.ReferencePipeline.collect(ReferencePipeline.java:682)
	at com.athensease.sights.Trip.tripCalculations(Trip.java:308)
	at com.athensease.sights.TripTest.testTripCalculations(TripTest.java:133)
	at java.base/java.lang.reflect.Method.invoke(Method.java:580)
	at java.base/java.util.ArrayList.forEach(ArrayList.java:1596)
	at java.base/java.util.ArrayList.forEach(ArrayList.java:1596)

