<?xml version="1.0" encoding="UTF-8"?>
<testsuite xmlns:xsi="http://www.w3.org/2001/XMLSchema-instance" xsi:noNamespaceSchemaLocation="https://maven.apache.org/surefire/maven-surefire-plugin/xsd/surefire-test-report-3.0.xsd" version="3.0" name="com.athensease.optimization.TrailHeadInclusionTest" time="0.015" tests="3" errors="0" skipped="0" failures="0">
  <properties>
[...]
</properties>
  <testcase name="testFindHotelStopPointsWithMultipleDays" classname="com.athensease.optimization.TrailHeadInclusionTest" time="0.01"/>
  <testcase name="testFindHotelStopPointsWithTwoStopPoints" classname="com.athensease.optimization.TrailHeadInclusionTest" time="0.003"/>
  <testcase name="testFindHotelStopPointsWithSingleDayTrip" classname="com.athensease.optimization.TrailHeadInclusionTest" time="0"/>
</testsuite>